<?xml version="1.0" encoding="UTF-8"?>
<!-- Generated by org.testng.reporters.JUnitReportReporter -->
<testsuite hostname="sireesha-HP-Laptop-15s-eq2xxx" failures="0" tests="1" name="com.mystore.LoginTest" time="16.952" errors="0" timestamp="2025-03-06T16:08:37 IST" skipped="0">
  <testcase classname="com.mystore.LoginTest" name="LoginTests" time="16.952"/>
  <system-out/>
</testsuite> <!-- com.mystore.LoginTest -->
