<?xml version="1.0" encoding="UTF-8"?>
<!-- Generated by org.testng.reporters.JUnitReportReporter -->
<testsuite hostname="sireesha-HP-Laptop-15s-eq2xxx" failures="0" tests="2" name="com.mystore.MyaccountTest" time="23.592" errors="0" timestamp="2025-03-06T12:39:47 IST" skipped="0">
  <testcase classname="com.mystore.MyaccountTest" name="myAccountTest" time="2.610"/>
  <system-out/>
  <testcase classname="com.mystore.MyaccountTest" name="login" time="20.982"/>
  <system-out/>
</testsuite> <!-- com.mystore.MyaccountTest -->
