<?xml version="1.0" encoding="UTF-8"?>
<!-- Generated by org.testng.reporters.JUnitReportReporter -->
<testsuite hostname="sireesha-HP-Laptop-15s-eq2xxx" failures="0" tests="1" name="com.mystore.LoadPage" time="3.675" errors="0" timestamp="2025-03-05T23:18:38 IST" skipped="0">
  <testcase classname="com.mystore.LoadPage" name="loadPage" time="3.675"/>
  <system-out/>
</testsuite> <!-- com.mystore.LoadPage -->
