<?xml version="1.0" encoding="UTF-8"?>
<!-- Generated by org.testng.reporters.JUnitReportReporter -->
<testsuite hostname="sireesha-HP-Laptop-15s-eq2xxx" failures="0" tests="2" name="com.mystore.SearchPageTest" time="46.086" errors="0" timestamp="2025-03-06T11:23:42 IST" skipped="0">
  <testcase classname="com.mystore.SearchPageTest" name="searchFunction" time="19.030"/>
  <system-out/>
  <testcase classname="com.mystore.SearchPageTest" name="login" time="27.056"/>
  <system-out/>
</testsuite> <!-- com.mystore.SearchPageTest -->
