<?xml version="1.0" encoding="UTF-8"?>
<!-- Generated by org.testng.reporters.JUnitReportReporter -->
<testsuite hostname="sireesha-HP-Laptop-15s-eq2xxx" failures="0" tests="3" name="com.mystore.ProductDetailsTest" time="51.531" errors="0" timestamp="2025-03-06T17:17:09 IST" skipped="0">
  <testcase classname="com.mystore.ProductDetailsTest" name="productDetails" time="5.548"/>
  <system-out/>
  <testcase classname="com.mystore.ProductDetailsTest" name="searchFunction" time="19.502"/>
  <system-out/>
  <testcase classname="com.mystore.ProductDetailsTest" name="login" time="26.481"/>
  <system-out/>
</testsuite> <!-- com.mystore.ProductDetailsTest -->
