<?xml version="1.0" encoding="UTF-8"?>
<!-- Generated by org.testng.reporters.JUnitReportReporter -->
<testsuite hostname="sireesha-HP-Laptop-15s-eq2xxx" failures="0" tests="1" name="com.mystore.MenuTest" time="5.433" errors="0" timestamp="2025-03-07T09:48:47 IST" skipped="0">
  <testcase classname="com.mystore.MenuTest" name="menuTest" time="5.433"/>
  <system-out/>
</testsuite> <!-- com.mystore.MenuTest -->
