<?xml version="1.0" encoding="UTF-8"?>
<!-- Generated by org.testng.reporters.JUnitReportReporter -->
<testsuite hostname="sireesha-HP-Laptop-15s-eq2xxx" failures="0" tests="1" name="com.mystore.CustomerCareTest" time="6.822" errors="0" timestamp="2025-03-07T09:03:40 IST" skipped="0">
  <testcase classname="com.mystore.CustomerCareTest" name="customerTests" time="6.822"/>
  <system-out/>
</testsuite> <!-- com.mystore.CustomerCareTest -->
