<?xml version="1.0" encoding="UTF-8"?>
<!-- Generated by org.testng.reporters.JUnitReportReporter -->
<testsuite hostname="sireesha-HP-Laptop-15s-eq2xxx" failures="0" tests="2" name="com.mystore.SignOutTest" time="30.771" errors="0" timestamp="2025-03-06T16:55:35 IST" skipped="0">
  <testcase classname="com.mystore.SignOutTest" name="signOut" time="4.287"/>
  <system-out/>
  <testcase classname="com.mystore.SignOutTest" name="login" time="26.484"/>
  <system-out/>
</testsuite> <!-- com.mystore.SignOutTest -->
