<?xml version="1.0" encoding="UTF-8"?>
<!-- Generated by org.testng.reporters.JUnitReportReporter -->
<testsuite hostname="sireesha-HP-Laptop-15s-eq2xxx" failures="0" tests="1" name="com.rest.RestAssured.RestDemo" time="3.838" errors="0" timestamp="2025-02-27T16:31:13 IST" skipped="0">
  <testcase classname="com.rest.RestAssured.RestDemo" name="getUser" time="3.838"/>
  <system-out/>
</testsuite> <!-- com.rest.RestAssured.RestDemo -->
